Arguments: 
  /Users/luiseduardobrito/n/bin/node /Users/luiseduardobrito/.yarn/bin/yarn.js

PATH: 
  /Users/luiseduardobrito/.yarn/bin:/Users/luiseduardobrito/.config/yarn/global/node_modules/.bin:/usr/local/Caskroom/google-cloud-sdk/latest/google-cloud-sdk/bin:/Users/luiseduardobrito/.rvm/gems/ruby-2.3.5/bin:/Users/luiseduardobrito/.rvm/gems/ruby-2.3.5@global/bin:/Users/luiseduardobrito/.rvm/rubies/ruby-2.3.5/bin:/usr/local/bin:/usr/bin:/bin:/usr/sbin:/sbin:/Users/luiseduardobrito/Library/Android/sdk/tools:/Users/luiseduardobrito/Library/Android/sdk/platform-tools:/Users/luiseduardobrito/.yarn/bin:/Users/luiseduardobrito/.config/yarn/global/node_modules/.bin:/usr/local/Caskroom/google-cloud-sdk/latest/google-cloud-sdk/bin:/Users/luiseduardobrito/.rvm/gems/ruby-2.3.5/bin:/Users/luiseduardobrito/.rvm/gems/ruby-2.3.5@global/bin:/Users/luiseduardobrito/.rvm/rubies/ruby-2.3.5/bin:/Users/luiseduardobrito/n/bin:/Users/luiseduardobrito/Library/Android/sdk/build-tools/27.0.3:/Users/luiseduardobrito/.rvm/bin:/Users/luiseduardobrito/Library/Android/sdk/platform-tools:/Users/luiseduardobrito/Library/Android/sdk/build-tools/27.0.3:/Users/luiseduardobrito/Library/Android/sdk/tools:/usr/local/bin:/Users/luiseduardobrito/.rvm/bin:/Users/luiseduardobrito/.rvm/bin

Yarn version: 
  1.16.0

Node version: 
  10.15.0

Platform: 
  darwin x64

Trace: 
  Error: https://yarn.btcore.app/@nano%2ferrors: no such package available
      at Request.params.callback [as _callback] (/Users/luiseduardobrito/.yarn/lib/cli.js:66091:18)
      at Request.self.callback (/Users/luiseduardobrito/.yarn/lib/cli.js:129590:22)
      at Request.emit (events.js:182:13)
      at Request.<anonymous> (/Users/luiseduardobrito/.yarn/lib/cli.js:130562:10)
      at Request.emit (events.js:182:13)
      at IncomingMessage.<anonymous> (/Users/luiseduardobrito/.yarn/lib/cli.js:130484:12)
      at Object.onceWrapper (events.js:273:13)
      at IncomingMessage.emit (events.js:187:15)
      at endReadableNT (_stream_readable.js:1094:12)
      at process._tickCallback (internal/process/next_tick.js:63:19)

npm manifest: 
  {
    "name": "app",
    "version": "0.0.1",
    "description": "> TODO: description",
    "author": "Luis Brito <luiseduardo14@gmail.com>",
    "license": "MIT",
    "main": "dist/index.js",
    "directories": {
      "lib": "lib",
      "test": "__tests__"
    },
    "files": [
      "lib"
    ],
    "publishConfig": {
      "registry": "https://yarn.btcore.app"
    },
    "scripts": {
      "build": "tsc",
      "clean": "rimraf ./dist",
      "test": "echo \"Error: run tests from root\" && exit 1"
    },
    "dependencies": {
      "@nano/errors": "^0.0.1"
    }
  }

yarn manifest: 
  No manifest

Lockfile: 
  # THIS IS AN AUTOGENERATED FILE. DO NOT EDIT THIS FILE DIRECTLY.
  # yarn lockfile v1
